<?xml version="1.0" encoding="UTF-8"?>
<!-- Generated by org.testng.reporters.JUnitReportReporter -->
<testsuite hostname="DESKTOP-GCDOOGE" failures="0" tests="1" name="Tests.RegistrationTest" time="13.049" errors="0" timestamp="05 Oct 2023 17:31:34 GMT" skipped="0">
  <testcase classname="Tests.RegistrationTest" name="registerPositive" time="13.049"/>
</testsuite> <!-- Tests.RegistrationTest -->
