<?xml version="1.0" encoding="UTF-8"?>
<!-- Generated by org.testng.reporters.JUnitReportReporter -->
<testsuite hostname="DESKTOP-GCDOOGE" failures="0" tests="2" name="Tests.ActionsTest" time="17.377" errors="0" timestamp="05 Oct 2023 17:31:34 GMT" skipped="0">
  <testcase classname="Tests.ActionsTest" name="clickFirstDropDownOption" time="10.049"/>
  <testcase classname="Tests.ActionsTest" name="hoverTest" time="7.328"/>
</testsuite> <!-- Tests.ActionsTest -->
