<?xml version="1.0" encoding="UTF-8"?>
<!-- Generated by org.testng.reporters.JUnitReportReporter -->
<testsuite hostname="DESKTOP-GCDOOGE" failures="0" tests="2" name="Tests.LoginTest" time="16.389" errors="0" timestamp="05 Oct 2023 17:31:34 GMT" skipped="0">
  <testcase classname="Tests.LoginTest" name="testHomePageTitle" time="7.611"/>
  <testcase classname="Tests.LoginTest" name="loginPositive" time="8.778"/>
</testsuite> <!-- Tests.LoginTest -->
